<?xml version="1.0" encoding="UTF-8"?>
<testsuite xmlns:xsi="http://www.w3.org/2001/XMLSchema-instance" xsi:noNamespaceSchemaLocation="https://maven.apache.org/surefire/maven-surefire-plugin/xsd/surefire-test-report-3.0.xsd" version="3.0" name="examples.ExamplesTest" time="2.758" tests="1" errors="0" skipped="0" failures="0">
  <properties>
[...]
</properties>
  <testcase name="testAll" classname="examples.ExamplesTest" time="2.732">
    <system-out><![CDATA[&amp#27;[90m---------------------------------------------------------&amp#27;[0m
feature: &amp#27;[32mtarget/test-classes/examples/signup.feature&amp#27;[0m
scenarios:  2 | passed:  2 | &amp#27;[32mpassed&amp#27;[0m | time: 1.4880
&amp#27;[90m=========================================================&amp#27;[0m
&amp#27;[90m---------------------------------------------------------&amp#27;[0m
feature: &amp#27;[32mtarget/test-classes/examples/login.feature&amp#27;[0m
scenarios:  3 | passed:  3 | &amp#27;[32mpassed&amp#27;[0m | time: 1.0760
&amp#27;[90m=========================================================&amp#27;[0m

&amp#27;[36m============================================================&amp#27;[0m
elapsed:   2.60s | threads:   1 | efficiency: 0.99
features:    2 | passed:    2 | &amp#27;[92mall passed&amp#27;[0m
scenarios:   5 | passed:    5 | &amp#27;[92mall passed&amp#27;[0m
&amp#27;[36m------------------------------------------------------------&amp#27;[0m
Karate 2.0.9 | HTML report:
file:///C:/Users/Pablo%20C/Desktop/testAutomation/demoblaze_api/target/karate-reports/karate-summary.html
&amp#27;[92m=========================================================================================================&amp#27;[0m
]]></system-out>
    <system-err><![CDATA[[main] INFO karate.runtime - classpath:karate-config.js processed
[main] INFO karate.runtime - backed up existing output to: target\karate-reports_20260522_000159
[main] INFO karate.http - &amp#27;[2m1 > &amp#27;[0m&amp#27;[36m&amp#27;[1mPOST&amp#27;[0m https://api.demoblaze.com/signup
[main] INFO karate.http - &amp#27;[2m1 < &amp#27;[0m&amp#27;[32m200&amp#27;[0m &amp#27;[36mPOST&amp#27;[0m https://api.demoblaze.com/signup&amp#27;[2m (218 ms)&amp#27;[0m
[main] INFO karate.http - &amp#27;[2m1 > &amp#27;[0m&amp#27;[36m&amp#27;[1mPOST&amp#27;[0m https://api.demoblaze.com/signup
[main] INFO karate.http - &amp#27;[2m1 < &amp#27;[0m&amp#27;[32m200&amp#27;[0m &amp#27;[36mPOST&amp#27;[0m https://api.demoblaze.com/signup&amp#27;[2m (132 ms)&amp#27;[0m
[main] INFO karate.http - &amp#27;[2m1 > &amp#27;[0m&amp#27;[36m&amp#27;[1mPOST&amp#27;[0m https://api.demoblaze.com/signup
[main] INFO karate.http - &amp#27;[2m1 < &amp#27;[0m&amp#27;[32m200&amp#27;[0m &amp#27;[36mPOST&amp#27;[0m https://api.demoblaze.com/signup&amp#27;[2m (210 ms)&amp#27;[0m
[main] INFO karate.http - &amp#27;[2m2 > &amp#27;[0m&amp#27;[36m&amp#27;[1mPOST&amp#27;[0m https://api.demoblaze.com/login
[main] INFO karate.http - &amp#27;[2m2 < &amp#27;[0m&amp#27;[32m200&amp#27;[0m &amp#27;[36mPOST&amp#27;[0m https://api.demoblaze.com/login&amp#27;[2m (168 ms)&amp#27;[0m
[main] INFO karate.http - &amp#27;[2m1 > &amp#27;[0m&amp#27;[36m&amp#27;[1mPOST&amp#27;[0m https://api.demoblaze.com/login
[main] INFO karate.http - &amp#27;[2m1 < &amp#27;[0m&amp#27;[32m200&amp#27;[0m &amp#27;[36mPOST&amp#27;[0m https://api.demoblaze.com/login&amp#27;[2m (143 ms)&amp#27;[0m
[main] INFO karate.http - &amp#27;[2m1 > &amp#27;[0m&amp#27;[36m&amp#27;[1mPOST&amp#27;[0m https://api.demoblaze.com/login
[main] INFO karate.http - &amp#27;[2m1 < &amp#27;[0m&amp#27;[32m200&amp#27;[0m &amp#27;[36mPOST&amp#27;[0m https://api.demoblaze.com/login&amp#27;[2m (189 ms)&amp#27;[0m
]]></system-err>
  </testcase>
</testsuite>